Build started 5/7/2023 11:13:17 PM.
     1>Project "C:\Users\ADMIN\OneDrive\Máy tính\VS2012\SDL2Game\SDL2Game\SDL2Game.vcxproj" on node 2 (Build target(s)).
     1>ClCompile:
         C:\Program Files (x86)\Microsoft Visual Studio 11.0\VC\bin\CL.exe /c /ZI /nologo /W3 /WX- /sdl /Od /Oy- /D WIN32 /D _DEBUG /D _CONSOLE /D _UNICODE /D UNICODE /Gm /EHsc /RTC1 /MDd /GS /fp:precise /Zc:wchar_t /Zc:forScope /Yu"stdafx.h" /Fp"Debug\SDL2Game.pch" /Fo"Debug\\" /Fd"Debug\vc110.pdb" /Gd /TP /analyze- /errorReport:prompt main.cpp
         main.cpp
     1>c:\users\admin\onedrive\máy tính\vs2012\sdl2game\sdl2game\main.cpp(93): warning C4244: 'argument' : conversion from 'int' to 'const float', possible loss of data
     1>c:\users\admin\onedrive\máy tính\vs2012\sdl2game\sdl2game\main.cpp(97): warning C4244: 'initializing' : conversion from 'float' to 'int', possible loss of data
     1>c:\users\admin\onedrive\máy tính\vs2012\sdl2game\sdl2game\main.cpp(98): warning C4244: 'initializing' : conversion from 'float' to 'int', possible loss of data
     1>c:\users\admin\onedrive\máy tính\vs2012\sdl2game\sdl2game\main.cpp(110): warning C4244: 'argument' : conversion from 'int' to 'const float', possible loss of data
     1>c:\users\admin\onedrive\máy tính\vs2012\sdl2game\sdl2game\main.cpp(145): warning C4244: 'argument' : conversion from 'double' to 'const int', possible loss of data
     1>c:\users\admin\onedrive\máy tính\vs2012\sdl2game\sdl2game\main.cpp(210): warning C4018: '<' : signed/unsigned mismatch
     1>c:\users\admin\onedrive\máy tính\vs2012\sdl2game\sdl2game\main.cpp(223): warning C4018: '<' : signed/unsigned mismatch
     1>c:\users\admin\onedrive\máy tính\vs2012\sdl2game\sdl2game\main.cpp(245): warning C4244: 'initializing' : conversion from 'double' to 'int', possible loss of data
     1>c:\users\admin\onedrive\máy tính\vs2012\sdl2game\sdl2game\main.cpp(246): warning C4244: 'initializing' : conversion from 'double' to 'int', possible loss of data
     1>c:\users\admin\onedrive\máy tính\vs2012\sdl2game\sdl2game\main.cpp(286): warning C4018: '<' : signed/unsigned mismatch
     1>c:\users\admin\onedrive\máy tính\vs2012\sdl2game\sdl2game\main.cpp(289): warning C4018: '<' : signed/unsigned mismatch
     1>c:\users\admin\onedrive\máy tính\vs2012\sdl2game\sdl2game\main.cpp(308): warning C4244: 'initializing' : conversion from 'double' to 'int', possible loss of data
     1>c:\users\admin\onedrive\máy tính\vs2012\sdl2game\sdl2game\main.cpp(309): warning C4244: 'initializing' : conversion from 'double' to 'int', possible loss of data
     1>c:\users\admin\onedrive\máy tính\vs2012\sdl2game\sdl2game\main.cpp(361): warning C4244: 'argument' : conversion from 'double' to 'int', possible loss of data
     1>c:\users\admin\onedrive\máy tính\vs2012\sdl2game\sdl2game\main.cpp(385): warning C4018: '<' : signed/unsigned mismatch
       Link:
         C:\Program Files (x86)\Microsoft Visual Studio 11.0\VC\bin\link.exe /ERRORREPORT:PROMPT /OUT:"C:\Users\ADMIN\OneDrive\Máy tính\VS2012\SDL2Game\Debug\SDL2Game.exe" /INCREMENTAL /NOLOGO SDL2.lib SDL2main.lib SDL2_image.lib SDL2_mixer.lib SDL2_ttf.lib kernel32.lib user32.lib gdi32.lib winspool.lib comdlg32.lib advapi32.lib shell32.lib ole32.lib oleaut32.lib uuid.lib odbc32.lib odbccp32.lib /MANIFEST /MANIFESTUAC:"level='asInvoker' uiAccess='false'" /manifest:embed /DEBUG /PDB:"C:\Users\ADMIN\OneDrive\Máy tính\VS2012\SDL2Game\Debug\SDL2Game.pdb" /SUBSYSTEM:CONSOLE /TLBID:1 /DYNAMICBASE /NXCOMPAT /IMPLIB:"C:\Users\ADMIN\OneDrive\Máy tính\VS2012\SDL2Game\Debug\SDL2Game.lib" /MACHINE:X86 Debug\BaseObject.obj
         Debug\BulletObject.obj
         Debug\CommonFunc.obj
         Debug\ExplosionObject.obj
         Debug\game_map.obj
         Debug\ImpTimer.obj
         Debug\main.obj
         Debug\MainObject.obj
         Debug\PlayerPower.obj
         Debug\stdafx.obj
         Debug\TextObject.obj
         Debug\ThreatsObject.obj
         SDL2Game.vcxproj -> C:\Users\ADMIN\OneDrive\Máy tính\VS2012\SDL2Game\Debug\SDL2Game.exe
     1>Done Building Project "C:\Users\ADMIN\OneDrive\Máy tính\VS2012\SDL2Game\SDL2Game\SDL2Game.vcxproj" (Build target(s)).

Build succeeded.

Time Elapsed 00:00:01.36
