C:\USERS\ADMIN\ONEDRIVE\MáY TíNH\VS2012\SDL2GAME\SDL2GAME\DEBUG\SDL2GAME.PCH
C:\USERS\ADMIN\ONEDRIVE\MáY TíNH\VS2012\SDL2GAME\SDL2GAME\DEBUG\STDAFX.OBJ
C:\USERS\ADMIN\ONEDRIVE\MÁY TÍNH\VS2012\SDL2GAME\SDL2GAME\DEBUG\VC110.PDB
C:\USERS\ADMIN\ONEDRIVE\MáY TíNH\VS2012\SDL2GAME\SDL2GAME\DEBUG\MAIN.OBJ
C:\USERS\ADMIN\ONEDRIVE\MáY TíNH\VS2012\SDL2GAME\SDL2GAME\DEBUG\COMMONFUNC.OBJ
C:\USERS\ADMIN\ONEDRIVE\MáY TíNH\VS2012\SDL2GAME\DEBUG\SDL2GAME.ILK
C:\USERS\ADMIN\ONEDRIVE\MáY TíNH\VS2012\SDL2GAME\DEBUG\SDL2GAME.EXE
C:\USERS\ADMIN\ONEDRIVE\MÁY TÍNH\VS2012\SDL2GAME\DEBUG\SDL2GAME.PDB
C:\Users\ADMIN\OneDrive\Máy tính\VS2012\SDL2Game\SDL2Game\Debug\CommonFunc.obj
C:\Users\ADMIN\OneDrive\Máy tính\VS2012\SDL2Game\SDL2Game\Debug\main.obj
C:\Users\ADMIN\OneDrive\Máy tính\VS2012\SDL2Game\SDL2Game\Debug\stdafx.obj
C:\Users\ADMIN\OneDrive\Máy tính\VS2012\SDL2Game\SDL2Game\Debug\cl.command.1.tlog
C:\Users\ADMIN\OneDrive\Máy tính\VS2012\SDL2Game\SDL2Game\Debug\CL.read.1.tlog
C:\Users\ADMIN\OneDrive\Máy tính\VS2012\SDL2Game\SDL2Game\Debug\CL.write.1.tlog
C:\Users\ADMIN\OneDrive\Máy tính\VS2012\SDL2Game\SDL2Game\Debug\link-cvtres.read.1.tlog
C:\Users\ADMIN\OneDrive\Máy tính\VS2012\SDL2Game\SDL2Game\Debug\link-cvtres.write.1.tlog
C:\Users\ADMIN\OneDrive\Máy tính\VS2012\SDL2Game\SDL2Game\Debug\link-rc.read.1.tlog
C:\Users\ADMIN\OneDrive\Máy tính\VS2012\SDL2Game\SDL2Game\Debug\link-rc.write.1.tlog
C:\Users\ADMIN\OneDrive\Máy tính\VS2012\SDL2Game\SDL2Game\Debug\link.20680-cvtres.read.1.tlog
C:\Users\ADMIN\OneDrive\Máy tính\VS2012\SDL2Game\SDL2Game\Debug\link.20680-cvtres.write.1.tlog
C:\Users\ADMIN\OneDrive\Máy tính\VS2012\SDL2Game\SDL2Game\Debug\link.20680-rc.read.1.tlog
C:\Users\ADMIN\OneDrive\Máy tính\VS2012\SDL2Game\SDL2Game\Debug\link.20680-rc.write.1.tlog
C:\Users\ADMIN\OneDrive\Máy tính\VS2012\SDL2Game\SDL2Game\Debug\link.20680.read.1.tlog
C:\Users\ADMIN\OneDrive\Máy tính\VS2012\SDL2Game\SDL2Game\Debug\link.20680.write.1.tlog
C:\Users\ADMIN\OneDrive\Máy tính\VS2012\SDL2Game\SDL2Game\Debug\link.27068-cvtres.read.1.tlog
C:\Users\ADMIN\OneDrive\Máy tính\VS2012\SDL2Game\SDL2Game\Debug\link.27068-cvtres.write.1.tlog
C:\Users\ADMIN\OneDrive\Máy tính\VS2012\SDL2Game\SDL2Game\Debug\link.27068-rc.read.1.tlog
C:\Users\ADMIN\OneDrive\Máy tính\VS2012\SDL2Game\SDL2Game\Debug\link.27068-rc.write.1.tlog
C:\Users\ADMIN\OneDrive\Máy tính\VS2012\SDL2Game\SDL2Game\Debug\link.27068.read.1.tlog
C:\Users\ADMIN\OneDrive\Máy tính\VS2012\SDL2Game\SDL2Game\Debug\link.27068.write.1.tlog
C:\Users\ADMIN\OneDrive\Máy tính\VS2012\SDL2Game\SDL2Game\Debug\link.command.1.tlog
C:\Users\ADMIN\OneDrive\Máy tính\VS2012\SDL2Game\SDL2Game\Debug\link.read.1.tlog
C:\Users\ADMIN\OneDrive\Máy tính\VS2012\SDL2Game\SDL2Game\Debug\link.write.1.tlog
C:\Users\ADMIN\OneDrive\Máy tính\VS2012\SDL2Game\SDL2Game\Debug\SDL2Game.pch
C:\Users\ADMIN\OneDrive\Máy tính\VS2012\SDL2Game\SDL2Game\Debug\vc110.idb
C:\Users\ADMIN\OneDrive\Máy tính\VS2012\SDL2Game\SDL2Game\Debug\vc110.pdb
C:\Users\ADMIN\OneDrive\Máy tính\VS2012\SDL2Game\Debug\SDL2Game.pdb
C:\Users\ADMIN\OneDrive\Máy tính\VS2012\SDL2Game\Debug\SDL2Game.exe
C:\Users\ADMIN\OneDrive\Máy tính\VS2012\SDL2Game\Debug\SDL2Game.ilk
