Build started 5/7/2023 10:23:50 PM.
     1>Project "C:\Users\ADMIN\OneDrive\Máy tính\VS2012\SDL2Game\SDL2Game\SDL2Game.vcxproj" on node 2 (Build target(s)).
     1>ClCompile:
         C:\Program Files (x86)\Microsoft Visual Studio 11.0\VC\bin\CL.exe /c /ZI /nologo /W3 /WX- /sdl /Od /Oy- /D WIN32 /D _DEBUG /D _CONSOLE /D _UNICODE /D UNICODE /Gm /EHsc /RTC1 /MDd /GS /fp:precise /Zc:wchar_t /Zc:forScope /Yu"stdafx.h" /Fp"Debug\SDL2Game.pch" /Fo"Debug\\" /Fd"Debug\vc110.pdb" /Gd /TP /analyze- /errorReport:prompt BaseObject.cpp BulletObject.cpp CommonFunc.cpp ExplosionObject.cpp ImpTimer.cpp MainObject.cpp PlayerPower.cpp TextObject.cpp ThreatsObject.cpp game_map.cpp main.cpp
         game_map.cpp
         Generating Code...
         Compiling...
         PlayerPower.cpp
     1>c:\users\admin\onedrive\máy tính\vs2012\sdl2game\sdl2game\playerpower.cpp(29): warning C4018: '<' : signed/unsigned mismatch
         Generating Code...
         Skipping... (no relevant changes detected)
         ThreatsObject.cpp
         TextObject.cpp
         MainObject.cpp
         ImpTimer.cpp
         ExplosionObject.cpp
         CommonFunc.cpp
         BulletObject.cpp
         BaseObject.cpp
         main.cpp
       Link:
         C:\Program Files (x86)\Microsoft Visual Studio 11.0\VC\bin\link.exe /ERRORREPORT:PROMPT /OUT:"C:\Users\ADMIN\OneDrive\Máy tính\VS2012\SDL2Game\Debug\SDL2Game.exe" /INCREMENTAL /NOLOGO SDL2.lib SDL2main.lib SDL2_image.lib SDL2_mixer.lib SDL2_ttf.lib kernel32.lib user32.lib gdi32.lib winspool.lib comdlg32.lib advapi32.lib shell32.lib ole32.lib oleaut32.lib uuid.lib odbc32.lib odbccp32.lib /MANIFEST /MANIFESTUAC:"level='asInvoker' uiAccess='false'" /manifest:embed /DEBUG /PDB:"C:\Users\ADMIN\OneDrive\Máy tính\VS2012\SDL2Game\Debug\SDL2Game.pdb" /SUBSYSTEM:CONSOLE /TLBID:1 /DYNAMICBASE /NXCOMPAT /IMPLIB:"C:\Users\ADMIN\OneDrive\Máy tính\VS2012\SDL2Game\Debug\SDL2Game.lib" /MACHINE:X86 Debug\BaseObject.obj
         Debug\BulletObject.obj
         Debug\CommonFunc.obj
         Debug\ExplosionObject.obj
         Debug\game_map.obj
         Debug\ImpTimer.obj
         Debug\main.obj
         Debug\MainObject.obj
         Debug\PlayerPower.obj
         Debug\stdafx.obj
         Debug\TextObject.obj
         Debug\ThreatsObject.obj
         SDL2Game.vcxproj -> C:\Users\ADMIN\OneDrive\Máy tính\VS2012\SDL2Game\Debug\SDL2Game.exe
     1>Done Building Project "C:\Users\ADMIN\OneDrive\Máy tính\VS2012\SDL2Game\SDL2Game\SDL2Game.vcxproj" (Build target(s)).

Build succeeded.

Time Elapsed 00:00:02.09
